2024-06-14 11:16:35 [main] INFO  c.m.d.t.t.k.s.TwitterToKafkaServiceApplication - Starting TwitterToKafkaServiceApplication using Java 17.0.10 with PID 23292 (G:\spring projects\microservices-demo\twitter-to-kafka-service\target\classes started by Mehran in G:\spring projects\microservices-demo)
2024-06-14 11:16:35 [main] INFO  c.m.d.t.t.k.s.TwitterToKafkaServiceApplication - No active profile set, falling back to 1 default profile: "default"
2024-06-14 11:16:37 [main] INFO  c.m.d.t.t.k.s.TwitterToKafkaServiceApplication - Started TwitterToKafkaServiceApplication in 3.105 seconds (process running for 7.066)
2024-06-14 11:16:37 [main] INFO  c.m.d.t.t.k.s.TwitterToKafkaServiceApplication - App Starts...
2024-06-14 11:16:37 [main] INFO  c.m.d.t.t.k.s.TwitterToKafkaServiceApplication - [Java, Microservices, Spring, Kafka, Elasticsearch]
2024-06-14 11:16:37 [main] INFO  c.m.d.t.t.k.s.TwitterToKafkaServiceApplication - Hello Microservices
2024-06-14 11:16:37 [main] INFO  c.m.d.t.t.k.s.r.i.MockKafkaStreamRunner - Starting mock filtering twitter streams for keywords [Java, Microservices, Spring, Kafka, Elasticsearch]
2024-06-14 11:16:37 [pool-2-thread-1] INFO  c.m.d.t.t.k.s.l.TwitterKafkaStatusListener - Received status text congue sit Lorem libero posuere Java congue massa dolor lectus sending to kafka topic {}
2024-06-14 11:16:47 [pool-2-thread-1] INFO  c.m.d.t.t.k.s.l.TwitterKafkaStatusListener - Received status text Maecenas amet adipiscing dolor Lorem congue Java adipiscing libero sit libero adipiscing sending to kafka topic {}
2024-06-14 11:16:57 [pool-2-thread-1] INFO  c.m.d.t.t.k.s.l.TwitterKafkaStatusListener - Received status text purus massa dolor elit ultricies consectetuer libero Elasticsearch Maecenas Fusce lectus ultricies sed sed sending to kafka topic {}
2024-06-14 11:17:07 [pool-2-thread-1] INFO  c.m.d.t.t.k.s.l.TwitterKafkaStatusListener - Received status text lectus libero posuere elit Spring ultricies porttitor sending to kafka topic {}
2024-06-14 11:17:17 [pool-2-thread-1] INFO  c.m.d.t.t.k.s.l.TwitterKafkaStatusListener - Received status text magna pulvinar malesuada Maecenas massa adipiscing Kafka dolor sit sit magna sending to kafka topic {}
2024-06-14 11:17:27 [pool-2-thread-1] INFO  c.m.d.t.t.k.s.l.TwitterKafkaStatusListener - Received status text consectetuer posuere purus porttitor lectus libero sed congue Java dolor porttitor adipiscing pulvinar massa massa sending to kafka topic {}
2024-06-14 11:17:37 [pool-2-thread-1] INFO  c.m.d.t.t.k.s.l.TwitterKafkaStatusListener - Received status text amet porttitor magna libero congue Maecenas ultricies Spring lectus amet purus massa magna sending to kafka topic {}
2024-06-14 11:17:47 [pool-2-thread-1] INFO  c.m.d.t.t.k.s.l.TwitterKafkaStatusListener - Received status text malesuada purus lectus amet elit Maecenas sit sit Kafka sed elit ultricies massa Maecenas Fusce sending to kafka topic {}
2024-06-14 11:17:57 [pool-2-thread-1] INFO  c.m.d.t.t.k.s.l.TwitterKafkaStatusListener - Received status text porttitor porttitor sed libero dolor Kafka Lorem malesuada posuere sending to kafka topic {}
2024-06-14 11:18:07 [pool-2-thread-1] INFO  c.m.d.t.t.k.s.l.TwitterKafkaStatusListener - Received status text ultricies Lorem sed massa sit sit Lorem Kafka lectus Lorem sed massa malesuada ipsum sending to kafka topic {}
2024-06-14 11:18:17 [pool-2-thread-1] INFO  c.m.d.t.t.k.s.l.TwitterKafkaStatusListener - Received status text amet massa Fusce magna amet libero dolor Java pulvinar dolor ultricies libero lectus purus sending to kafka topic {}
2024-06-14 11:18:27 [pool-2-thread-1] INFO  c.m.d.t.t.k.s.l.TwitterKafkaStatusListener - Received status text magna purus malesuada libero dolor ipsum Fusce Java purus amet purus Lorem Lorem sending to kafka topic {}
2024-06-14 11:18:37 [pool-2-thread-1] INFO  c.m.d.t.t.k.s.l.TwitterKafkaStatusListener - Received status text congue dolor Lorem Spring pulvinar porttitor sending to kafka topic {}
2024-06-14 11:18:47 [pool-2-thread-1] INFO  c.m.d.t.t.k.s.l.TwitterKafkaStatusListener - Received status text sed elit sed ipsum Microservices purus purus consectetuer sending to kafka topic {}
2024-06-14 11:18:57 [pool-2-thread-1] INFO  c.m.d.t.t.k.s.l.TwitterKafkaStatusListener - Received status text magna ultricies sed lectus massa Microservices amet sed congue sending to kafka topic {}
2024-06-14 11:19:07 [pool-2-thread-1] INFO  c.m.d.t.t.k.s.l.TwitterKafkaStatusListener - Received status text sed pulvinar Fusce Microservices libero ipsum sending to kafka topic {}
2024-06-14 11:19:17 [pool-2-thread-1] INFO  c.m.d.t.t.k.s.l.TwitterKafkaStatusListener - Received status text massa posuere adipiscing massa adipiscing Elasticsearch congue Fusce ultricies pulvinar sending to kafka topic {}
2024-06-14 11:19:27 [pool-2-thread-1] INFO  c.m.d.t.t.k.s.l.TwitterKafkaStatusListener - Received status text Maecenas ultricies Lorem pulvinar congue sed elit posuere Microservices Maecenas adipiscing pulvinar consectetuer lectus amet sit sending to kafka topic {}
2024-06-14 11:19:37 [pool-2-thread-1] INFO  c.m.d.t.t.k.s.l.TwitterKafkaStatusListener - Received status text congue Maecenas sit posuere Microservices massa ultricies sed sending to kafka topic {}
2024-06-14 11:19:47 [pool-2-thread-1] INFO  c.m.d.t.t.k.s.l.TwitterKafkaStatusListener - Received status text massa Maecenas magna sed porttitor adipiscing sit Elasticsearch elit lectus adipiscing Fusce Lorem ipsum sending to kafka topic {}
2024-06-14 11:19:57 [pool-2-thread-1] INFO  c.m.d.t.t.k.s.l.TwitterKafkaStatusListener - Received status text libero ipsum dolor Kafka ultricies elit sending to kafka topic {}
2024-06-14 11:20:07 [pool-2-thread-1] INFO  c.m.d.t.t.k.s.l.TwitterKafkaStatusListener - Received status text dolor porttitor porttitor malesuada Java pulvinar congue sending to kafka topic {}
2024-06-14 11:20:20 [main] INFO  c.m.d.t.t.k.s.TwitterToKafkaServiceApplication - Starting TwitterToKafkaServiceApplication using Java 17.0.10 with PID 20036 (G:\spring projects\microservices-demo\twitter-to-kafka-service\target\classes started by Mehran in G:\spring projects\microservices-demo)
2024-06-14 11:20:20 [main] INFO  c.m.d.t.t.k.s.TwitterToKafkaServiceApplication - No active profile set, falling back to 1 default profile: "default"
2024-06-14 11:20:21 [main] INFO  c.m.d.t.t.k.s.TwitterToKafkaServiceApplication - Started TwitterToKafkaServiceApplication in 1.219 seconds (process running for 2.016)
2024-06-14 11:20:25 [main] INFO  c.m.d.t.t.k.s.TwitterToKafkaServiceApplication - Starting TwitterToKafkaServiceApplication using Java 17.0.10 with PID 14764 (G:\spring projects\microservices-demo\twitter-to-kafka-service\target\classes started by Mehran in G:\spring projects\microservices-demo)
2024-06-14 11:20:25 [main] INFO  c.m.d.t.t.k.s.TwitterToKafkaServiceApplication - No active profile set, falling back to 1 default profile: "default"
2024-06-14 11:20:25 [main] INFO  c.m.d.t.t.k.s.TwitterToKafkaServiceApplication - Started TwitterToKafkaServiceApplication in 1.015 seconds (process running for 1.74)
2024-06-14 11:20:25 [main] INFO  c.m.d.t.t.k.s.TwitterToKafkaServiceApplication - App Starts...
2024-06-14 11:20:25 [main] INFO  c.m.d.t.t.k.s.TwitterToKafkaServiceApplication - [Java, Microservices, Spring, Kafka, Elasticsearch]
2024-06-14 11:20:25 [main] INFO  c.m.d.t.t.k.s.TwitterToKafkaServiceApplication - Hello Microservices
2024-06-14 11:20:25 [Twitter Stream consumer /  [1][initializing]] INFO  twitter4j.TwitterStreamImpl - Establishing connection.
2024-06-14 11:20:25 [main] INFO  c.m.d.t.t.k.s.r.i.TwitterKafkaStreamRunner - Started filtering twitter stream for keywords [Java, Microservices, Spring, Kafka, Elasticsearch]
2024-06-14 11:20:49 [Twitter Stream consumer /  [1][Establishing connection]] INFO  twitter4j.TwitterStreamImpl - Connect timed out
2024-06-14 11:20:49 [Twitter Stream consumer /  [1][Establishing connection]] INFO  twitter4j.TwitterStreamImpl - Waiting for 250 milliseconds
2024-06-14 11:20:50 [Twitter Stream consumer /  [1][Waiting for 250 milliseconds]] INFO  twitter4j.TwitterStreamImpl - Establishing connection.
2024-06-14 11:21:10 [Twitter Stream consumer /  [1][Establishing connection]] INFO  twitter4j.TwitterStreamImpl - Connect timed out
2024-06-14 11:21:10 [Twitter Stream consumer /  [1][Establishing connection]] INFO  twitter4j.TwitterStreamImpl - Waiting for 500 milliseconds
2024-06-14 11:21:10 [Twitter Stream consumer /  [1][Waiting for 500 milliseconds]] INFO  twitter4j.TwitterStreamImpl - Establishing connection.
2024-06-14 11:21:30 [Twitter Stream consumer /  [1][Establishing connection]] INFO  twitter4j.TwitterStreamImpl - Connect timed out
2024-06-14 11:21:30 [Twitter Stream consumer /  [1][Establishing connection]] INFO  twitter4j.TwitterStreamImpl - Waiting for 1000 milliseconds
2024-06-14 11:21:31 [Twitter Stream consumer /  [1][Waiting for 1000 milliseconds]] INFO  twitter4j.TwitterStreamImpl - Establishing connection.
2024-06-14 11:21:51 [Twitter Stream consumer /  [1][Establishing connection]] INFO  twitter4j.TwitterStreamImpl - Connect timed out
2024-06-14 11:21:51 [Twitter Stream consumer /  [1][Establishing connection]] INFO  twitter4j.TwitterStreamImpl - Waiting for 2000 milliseconds
2024-06-14 11:21:54 [Twitter Stream consumer /  [1][Waiting for 2000 milliseconds]] INFO  twitter4j.TwitterStreamImpl - Establishing connection.
2024-06-14 11:22:14 [Twitter Stream consumer /  [1][Establishing connection]] INFO  twitter4j.TwitterStreamImpl - Connect timed out
2024-06-14 11:22:14 [Twitter Stream consumer /  [1][Establishing connection]] INFO  twitter4j.TwitterStreamImpl - Waiting for 4000 milliseconds
2024-06-14 11:22:18 [Twitter Stream consumer /  [1][Waiting for 4000 milliseconds]] INFO  twitter4j.TwitterStreamImpl - Establishing connection.
2024-06-14 11:22:38 [Twitter Stream consumer /  [1][Establishing connection]] INFO  twitter4j.TwitterStreamImpl - Connect timed out
2024-06-14 11:22:38 [Twitter Stream consumer /  [1][Establishing connection]] INFO  twitter4j.TwitterStreamImpl - Waiting for 8000 milliseconds
2024-06-14 11:22:46 [Twitter Stream consumer /  [1][Waiting for 8000 milliseconds]] INFO  twitter4j.TwitterStreamImpl - Establishing connection.
2024-06-14 11:23:07 [Twitter Stream consumer /  [1][Establishing connection]] INFO  twitter4j.TwitterStreamImpl - Connect timed out
2024-06-14 11:23:07 [Twitter Stream consumer /  [1][Establishing connection]] INFO  twitter4j.TwitterStreamImpl - Waiting for 16000 milliseconds
2024-06-14 11:23:23 [Twitter Stream consumer /  [1][Waiting for 16000 milliseconds]] INFO  twitter4j.TwitterStreamImpl - Establishing connection.
2024-06-14 11:23:45 [Twitter Stream consumer /  [1][Establishing connection]] INFO  twitter4j.TwitterStreamImpl - Connect timed out
2024-06-14 11:23:45 [Twitter Stream consumer /  [1][Establishing connection]] INFO  twitter4j.TwitterStreamImpl - Waiting for 16000 milliseconds
2024-06-14 11:24:01 [Twitter Stream consumer /  [1][Waiting for 16000 milliseconds]] INFO  twitter4j.TwitterStreamImpl - Establishing connection.
2024-06-14 11:24:22 [Twitter Stream consumer /  [1][Establishing connection]] INFO  twitter4j.TwitterStreamImpl - Connect timed out
2024-06-14 11:24:22 [Twitter Stream consumer /  [1][Establishing connection]] INFO  twitter4j.TwitterStreamImpl - Waiting for 16000 milliseconds
2024-06-14 11:24:38 [Twitter Stream consumer /  [1][Waiting for 16000 milliseconds]] INFO  twitter4j.TwitterStreamImpl - Establishing connection.
2024-06-14 11:24:58 [Twitter Stream consumer /  [1][Establishing connection]] INFO  twitter4j.TwitterStreamImpl - Connect timed out
2024-06-14 11:24:58 [Twitter Stream consumer /  [1][Establishing connection]] INFO  twitter4j.TwitterStreamImpl - Waiting for 16000 milliseconds
2024-06-14 11:25:14 [Twitter Stream consumer /  [1][Waiting for 16000 milliseconds]] INFO  twitter4j.TwitterStreamImpl - Establishing connection.
2024-06-14 11:25:34 [Twitter Stream consumer /  [1][Establishing connection]] INFO  twitter4j.TwitterStreamImpl - Connect timed out
2024-06-14 11:25:34 [Twitter Stream consumer /  [1][Establishing connection]] INFO  twitter4j.TwitterStreamImpl - Waiting for 16000 milliseconds
2024-06-14 11:25:50 [Twitter Stream consumer /  [1][Waiting for 16000 milliseconds]] INFO  twitter4j.TwitterStreamImpl - Establishing connection.
2024-06-14 11:26:10 [Twitter Stream consumer /  [1][Establishing connection]] INFO  twitter4j.TwitterStreamImpl - Connect timed out
2024-06-14 11:26:10 [Twitter Stream consumer /  [1][Establishing connection]] INFO  twitter4j.TwitterStreamImpl - Waiting for 16000 milliseconds
2024-06-14 11:26:26 [Twitter Stream consumer /  [1][Waiting for 16000 milliseconds]] INFO  twitter4j.TwitterStreamImpl - Establishing connection.
2024-06-14 11:26:46 [Twitter Stream consumer /  [1][Establishing connection]] INFO  twitter4j.TwitterStreamImpl - Connect timed out
2024-06-14 11:26:46 [Twitter Stream consumer /  [1][Establishing connection]] INFO  twitter4j.TwitterStreamImpl - Waiting for 16000 milliseconds
2024-06-14 11:27:02 [Twitter Stream consumer /  [1][Waiting for 16000 milliseconds]] INFO  twitter4j.TwitterStreamImpl - Establishing connection.
2024-06-14 11:27:14 [Twitter Stream consumer /  [1][Establishing connection]] INFO  twitter4j.TwitterStreamImpl - stream.twitter.com
2024-06-14 11:27:14 [Twitter Stream consumer /  [1][Establishing connection]] INFO  twitter4j.TwitterStreamImpl - Waiting for 16000 milliseconds
2024-06-14 11:27:30 [Twitter Stream consumer /  [1][Waiting for 16000 milliseconds]] INFO  twitter4j.TwitterStreamImpl - Establishing connection.
2024-06-14 11:27:50 [Twitter Stream consumer /  [1][Establishing connection]] INFO  twitter4j.TwitterStreamImpl - Connect timed out
2024-06-14 11:27:50 [Twitter Stream consumer /  [1][Establishing connection]] INFO  twitter4j.TwitterStreamImpl - Waiting for 16000 milliseconds
2024-06-14 11:28:06 [Twitter Stream consumer /  [1][Waiting for 16000 milliseconds]] INFO  twitter4j.TwitterStreamImpl - Establishing connection.
2024-06-14 11:28:26 [Twitter Stream consumer /  [1][Establishing connection]] INFO  twitter4j.TwitterStreamImpl - Connect timed out
2024-06-14 11:28:26 [Twitter Stream consumer /  [1][Establishing connection]] INFO  twitter4j.TwitterStreamImpl - Waiting for 16000 milliseconds
2024-06-14 11:28:42 [Twitter Stream consumer /  [1][Waiting for 16000 milliseconds]] INFO  twitter4j.TwitterStreamImpl - Establishing connection.
2024-06-14 11:29:02 [Twitter Stream consumer /  [1][Establishing connection]] INFO  twitter4j.TwitterStreamImpl - Connect timed out
2024-06-14 11:29:02 [Twitter Stream consumer /  [1][Establishing connection]] INFO  twitter4j.TwitterStreamImpl - Waiting for 16000 milliseconds
2024-06-14 11:29:18 [Twitter Stream consumer /  [1][Waiting for 16000 milliseconds]] INFO  twitter4j.TwitterStreamImpl - Establishing connection.
2024-06-14 11:29:38 [Twitter Stream consumer /  [1][Establishing connection]] INFO  twitter4j.TwitterStreamImpl - Connect timed out
2024-06-14 11:29:38 [Twitter Stream consumer /  [1][Establishing connection]] INFO  twitter4j.TwitterStreamImpl - Waiting for 16000 milliseconds
2024-06-14 11:29:54 [Twitter Stream consumer /  [1][Waiting for 16000 milliseconds]] INFO  twitter4j.TwitterStreamImpl - Establishing connection.
2024-06-14 11:30:15 [Twitter Stream consumer /  [1][Establishing connection]] INFO  twitter4j.TwitterStreamImpl - Connect timed out
2024-06-14 11:30:15 [Twitter Stream consumer /  [1][Establishing connection]] INFO  twitter4j.TwitterStreamImpl - Waiting for 16000 milliseconds
2024-06-14 11:30:31 [Twitter Stream consumer /  [1][Waiting for 16000 milliseconds]] INFO  twitter4j.TwitterStreamImpl - Establishing connection.
2024-06-14 11:30:51 [Twitter Stream consumer /  [1][Establishing connection]] INFO  twitter4j.TwitterStreamImpl - Connect timed out
2024-06-14 11:30:51 [Twitter Stream consumer /  [1][Establishing connection]] INFO  twitter4j.TwitterStreamImpl - Waiting for 16000 milliseconds
2024-06-14 11:31:07 [Twitter Stream consumer /  [1][Waiting for 16000 milliseconds]] INFO  twitter4j.TwitterStreamImpl - Establishing connection.
2024-06-14 11:31:27 [Twitter Stream consumer /  [1][Establishing connection]] INFO  twitter4j.TwitterStreamImpl - Connect timed out
2024-06-14 11:31:27 [Twitter Stream consumer /  [1][Establishing connection]] INFO  twitter4j.TwitterStreamImpl - Waiting for 16000 milliseconds
2024-06-14 11:31:43 [Twitter Stream consumer /  [1][Waiting for 16000 milliseconds]] INFO  twitter4j.TwitterStreamImpl - Establishing connection.
2024-06-14 11:32:03 [Twitter Stream consumer /  [1][Establishing connection]] INFO  twitter4j.TwitterStreamImpl - Connect timed out
2024-06-14 11:32:03 [Twitter Stream consumer /  [1][Establishing connection]] INFO  twitter4j.TwitterStreamImpl - Waiting for 16000 milliseconds
2024-06-14 11:32:19 [Twitter Stream consumer /  [1][Waiting for 16000 milliseconds]] INFO  twitter4j.TwitterStreamImpl - Establishing connection.
2024-06-14 11:32:39 [Twitter Stream consumer /  [1][Establishing connection]] INFO  twitter4j.TwitterStreamImpl - Connect timed out
2024-06-14 11:32:39 [Twitter Stream consumer /  [1][Establishing connection]] INFO  twitter4j.TwitterStreamImpl - Waiting for 16000 milliseconds
2024-06-14 11:32:55 [Twitter Stream consumer /  [1][Waiting for 16000 milliseconds]] INFO  twitter4j.TwitterStreamImpl - Establishing connection.
2024-06-14 11:33:15 [Twitter Stream consumer /  [1][Establishing connection]] INFO  twitter4j.TwitterStreamImpl - Connect timed out
2024-06-14 11:33:15 [Twitter Stream consumer /  [1][Establishing connection]] INFO  twitter4j.TwitterStreamImpl - Waiting for 16000 milliseconds
2024-06-14 11:33:31 [Twitter Stream consumer /  [1][Waiting for 16000 milliseconds]] INFO  twitter4j.TwitterStreamImpl - Establishing connection.
2024-06-14 11:33:51 [Twitter Stream consumer /  [1][Establishing connection]] INFO  twitter4j.TwitterStreamImpl - Connect timed out
2024-06-14 11:33:51 [Twitter Stream consumer /  [1][Establishing connection]] INFO  twitter4j.TwitterStreamImpl - Waiting for 16000 milliseconds
2024-06-14 11:34:07 [Twitter Stream consumer /  [1][Waiting for 16000 milliseconds]] INFO  twitter4j.TwitterStreamImpl - Establishing connection.
2024-06-14 11:34:27 [Twitter Stream consumer /  [1][Establishing connection]] INFO  twitter4j.TwitterStreamImpl - Connect timed out
2024-06-14 11:34:27 [Twitter Stream consumer /  [1][Establishing connection]] INFO  twitter4j.TwitterStreamImpl - Waiting for 16000 milliseconds
2024-06-14 11:34:43 [Twitter Stream consumer /  [1][Waiting for 16000 milliseconds]] INFO  twitter4j.TwitterStreamImpl - Establishing connection.
2024-06-14 11:35:03 [Twitter Stream consumer /  [1][Establishing connection]] INFO  twitter4j.TwitterStreamImpl - Connect timed out
2024-06-14 11:35:03 [Twitter Stream consumer /  [1][Establishing connection]] INFO  twitter4j.TwitterStreamImpl - Waiting for 16000 milliseconds
2024-06-14 11:35:19 [Twitter Stream consumer /  [1][Waiting for 16000 milliseconds]] INFO  twitter4j.TwitterStreamImpl - Establishing connection.
2024-06-14 11:35:39 [Twitter Stream consumer /  [1][Establishing connection]] INFO  twitter4j.TwitterStreamImpl - Connect timed out
2024-06-14 11:35:39 [Twitter Stream consumer /  [1][Establishing connection]] INFO  twitter4j.TwitterStreamImpl - Waiting for 16000 milliseconds
2024-06-14 11:35:55 [Twitter Stream consumer /  [1][Waiting for 16000 milliseconds]] INFO  twitter4j.TwitterStreamImpl - Establishing connection.
2024-06-14 11:36:15 [Twitter Stream consumer /  [1][Establishing connection]] INFO  twitter4j.TwitterStreamImpl - Connect timed out
2024-06-14 11:36:15 [Twitter Stream consumer /  [1][Establishing connection]] INFO  twitter4j.TwitterStreamImpl - Waiting for 16000 milliseconds
2024-06-14 11:36:31 [Twitter Stream consumer /  [1][Waiting for 16000 milliseconds]] INFO  twitter4j.TwitterStreamImpl - Establishing connection.
2024-06-14 11:36:51 [Twitter Stream consumer /  [1][Establishing connection]] INFO  twitter4j.TwitterStreamImpl - Connect timed out
2024-06-14 11:36:51 [Twitter Stream consumer /  [1][Establishing connection]] INFO  twitter4j.TwitterStreamImpl - Waiting for 16000 milliseconds
2024-06-14 11:37:07 [Twitter Stream consumer /  [1][Waiting for 16000 milliseconds]] INFO  twitter4j.TwitterStreamImpl - Establishing connection.
2024-06-14 11:37:27 [Twitter Stream consumer /  [1][Establishing connection]] INFO  twitter4j.TwitterStreamImpl - Connect timed out
2024-06-14 11:37:27 [Twitter Stream consumer /  [1][Establishing connection]] INFO  twitter4j.TwitterStreamImpl - Waiting for 16000 milliseconds
2024-06-14 11:37:43 [Twitter Stream consumer /  [1][Waiting for 16000 milliseconds]] INFO  twitter4j.TwitterStreamImpl - Establishing connection.
2024-06-14 11:38:04 [Twitter Stream consumer /  [1][Establishing connection]] INFO  twitter4j.TwitterStreamImpl - Connect timed out
2024-06-14 11:38:04 [Twitter Stream consumer /  [1][Establishing connection]] INFO  twitter4j.TwitterStreamImpl - Waiting for 16000 milliseconds
2024-06-14 11:38:20 [Twitter Stream consumer /  [1][Waiting for 16000 milliseconds]] INFO  twitter4j.TwitterStreamImpl - Establishing connection.
2024-06-14 11:38:40 [Twitter Stream consumer /  [1][Establishing connection]] INFO  twitter4j.TwitterStreamImpl - Connect timed out
2024-06-14 11:38:40 [Twitter Stream consumer /  [1][Establishing connection]] INFO  twitter4j.TwitterStreamImpl - Waiting for 16000 milliseconds
2024-06-14 11:38:56 [Twitter Stream consumer /  [1][Waiting for 16000 milliseconds]] INFO  twitter4j.TwitterStreamImpl - Establishing connection.
2024-06-14 11:39:16 [Twitter Stream consumer /  [1][Establishing connection]] INFO  twitter4j.TwitterStreamImpl - Connect timed out
2024-06-14 11:39:16 [Twitter Stream consumer /  [1][Establishing connection]] INFO  twitter4j.TwitterStreamImpl - Waiting for 16000 milliseconds
2024-06-14 11:39:32 [Twitter Stream consumer /  [1][Waiting for 16000 milliseconds]] INFO  twitter4j.TwitterStreamImpl - Establishing connection.
2024-06-14 11:39:52 [Twitter Stream consumer /  [1][Establishing connection]] INFO  twitter4j.TwitterStreamImpl - Connect timed out
2024-06-14 11:39:52 [Twitter Stream consumer /  [1][Establishing connection]] INFO  twitter4j.TwitterStreamImpl - Waiting for 16000 milliseconds
2024-06-14 11:40:08 [Twitter Stream consumer /  [1][Waiting for 16000 milliseconds]] INFO  twitter4j.TwitterStreamImpl - Establishing connection.
2024-06-14 11:40:28 [Twitter Stream consumer /  [1][Establishing connection]] INFO  twitter4j.TwitterStreamImpl - Connect timed out
2024-06-14 11:40:28 [Twitter Stream consumer /  [1][Establishing connection]] INFO  twitter4j.TwitterStreamImpl - Waiting for 16000 milliseconds
2024-06-14 11:40:44 [Twitter Stream consumer /  [1][Waiting for 16000 milliseconds]] INFO  twitter4j.TwitterStreamImpl - Establishing connection.
2024-06-14 11:41:04 [Twitter Stream consumer /  [1][Establishing connection]] INFO  twitter4j.TwitterStreamImpl - Connect timed out
2024-06-14 11:41:04 [Twitter Stream consumer /  [1][Establishing connection]] INFO  twitter4j.TwitterStreamImpl - Waiting for 16000 milliseconds
2024-06-14 11:41:20 [Twitter Stream consumer /  [1][Waiting for 16000 milliseconds]] INFO  twitter4j.TwitterStreamImpl - Establishing connection.
2024-06-14 11:41:41 [Twitter Stream consumer /  [1][Establishing connection]] INFO  twitter4j.TwitterStreamImpl - Connect timed out
2024-06-14 11:41:41 [Twitter Stream consumer /  [1][Establishing connection]] INFO  twitter4j.TwitterStreamImpl - Waiting for 16000 milliseconds
2024-06-14 11:41:57 [Twitter Stream consumer /  [1][Waiting for 16000 milliseconds]] INFO  twitter4j.TwitterStreamImpl - Establishing connection.
2024-06-14 11:42:19 [Twitter Stream consumer /  [1][Establishing connection]] INFO  twitter4j.TwitterStreamImpl - Connect timed out
2024-06-14 11:42:19 [Twitter Stream consumer /  [1][Establishing connection]] INFO  twitter4j.TwitterStreamImpl - Waiting for 16000 milliseconds
2024-06-14 11:42:35 [Twitter Stream consumer /  [1][Waiting for 16000 milliseconds]] INFO  twitter4j.TwitterStreamImpl - Establishing connection.
2024-06-14 11:42:55 [Twitter Stream consumer /  [1][Establishing connection]] INFO  twitter4j.TwitterStreamImpl - Connect timed out
2024-06-14 11:42:55 [Twitter Stream consumer /  [1][Establishing connection]] INFO  twitter4j.TwitterStreamImpl - Waiting for 16000 milliseconds
2024-06-14 11:43:11 [Twitter Stream consumer /  [1][Waiting for 16000 milliseconds]] INFO  twitter4j.TwitterStreamImpl - Establishing connection.
2024-06-14 11:43:31 [Twitter Stream consumer /  [1][Establishing connection]] INFO  twitter4j.TwitterStreamImpl - Connect timed out
2024-06-14 11:43:31 [Twitter Stream consumer /  [1][Establishing connection]] INFO  twitter4j.TwitterStreamImpl - Waiting for 16000 milliseconds
2024-06-14 11:43:47 [Twitter Stream consumer /  [1][Waiting for 16000 milliseconds]] INFO  twitter4j.TwitterStreamImpl - Establishing connection.
2024-06-14 11:44:07 [Twitter Stream consumer /  [1][Establishing connection]] INFO  twitter4j.TwitterStreamImpl - Connect timed out
2024-06-14 11:44:07 [Twitter Stream consumer /  [1][Establishing connection]] INFO  twitter4j.TwitterStreamImpl - Waiting for 16000 milliseconds
2024-06-14 11:44:23 [Twitter Stream consumer /  [1][Waiting for 16000 milliseconds]] INFO  twitter4j.TwitterStreamImpl - Establishing connection.
2024-06-14 11:44:43 [Twitter Stream consumer /  [1][Establishing connection]] INFO  twitter4j.TwitterStreamImpl - Connect timed out
2024-06-14 11:44:43 [Twitter Stream consumer /  [1][Establishing connection]] INFO  twitter4j.TwitterStreamImpl - Waiting for 16000 milliseconds
2024-06-14 11:44:59 [Twitter Stream consumer /  [1][Waiting for 16000 milliseconds]] INFO  twitter4j.TwitterStreamImpl - Establishing connection.
2024-06-14 11:45:19 [Twitter Stream consumer /  [1][Establishing connection]] INFO  twitter4j.TwitterStreamImpl - Connect timed out
2024-06-14 11:45:19 [Twitter Stream consumer /  [1][Establishing connection]] INFO  twitter4j.TwitterStreamImpl - Waiting for 16000 milliseconds
2024-06-14 11:45:35 [Twitter Stream consumer /  [1][Waiting for 16000 milliseconds]] INFO  twitter4j.TwitterStreamImpl - Establishing connection.
2024-06-14 11:45:55 [Twitter Stream consumer /  [1][Establishing connection]] INFO  twitter4j.TwitterStreamImpl - Connect timed out
2024-06-14 11:45:55 [Twitter Stream consumer /  [1][Establishing connection]] INFO  twitter4j.TwitterStreamImpl - Waiting for 16000 milliseconds
2024-06-14 11:46:11 [Twitter Stream consumer /  [1][Waiting for 16000 milliseconds]] INFO  twitter4j.TwitterStreamImpl - Establishing connection.
2024-06-14 11:46:31 [Twitter Stream consumer /  [1][Establishing connection]] INFO  twitter4j.TwitterStreamImpl - Connect timed out
2024-06-14 11:46:31 [Twitter Stream consumer /  [1][Establishing connection]] INFO  twitter4j.TwitterStreamImpl - Waiting for 16000 milliseconds
2024-06-14 11:46:47 [Twitter Stream consumer /  [1][Waiting for 16000 milliseconds]] INFO  twitter4j.TwitterStreamImpl - Establishing connection.
2024-06-14 11:47:07 [Twitter Stream consumer /  [1][Establishing connection]] INFO  twitter4j.TwitterStreamImpl - Connect timed out
2024-06-14 11:47:07 [Twitter Stream consumer /  [1][Establishing connection]] INFO  twitter4j.TwitterStreamImpl - Waiting for 16000 milliseconds
2024-06-14 11:47:23 [Twitter Stream consumer /  [1][Waiting for 16000 milliseconds]] INFO  twitter4j.TwitterStreamImpl - Establishing connection.
2024-06-14 11:47:44 [Twitter Stream consumer /  [1][Establishing connection]] INFO  twitter4j.TwitterStreamImpl - Connect timed out
2024-06-14 11:47:44 [Twitter Stream consumer /  [1][Establishing connection]] INFO  twitter4j.TwitterStreamImpl - Waiting for 16000 milliseconds
2024-06-14 11:48:00 [Twitter Stream consumer /  [1][Waiting for 16000 milliseconds]] INFO  twitter4j.TwitterStreamImpl - Establishing connection.
2024-06-14 11:48:20 [Twitter Stream consumer /  [1][Establishing connection]] INFO  twitter4j.TwitterStreamImpl - Connect timed out
2024-06-14 11:48:20 [Twitter Stream consumer /  [1][Establishing connection]] INFO  twitter4j.TwitterStreamImpl - Waiting for 16000 milliseconds
2024-06-14 11:48:36 [Twitter Stream consumer /  [1][Waiting for 16000 milliseconds]] INFO  twitter4j.TwitterStreamImpl - Establishing connection.
2024-06-14 11:48:56 [Twitter Stream consumer /  [1][Establishing connection]] INFO  twitter4j.TwitterStreamImpl - Connect timed out
2024-06-14 11:48:56 [Twitter Stream consumer /  [1][Establishing connection]] INFO  twitter4j.TwitterStreamImpl - Waiting for 16000 milliseconds
2024-06-14 11:49:12 [Twitter Stream consumer /  [1][Waiting for 16000 milliseconds]] INFO  twitter4j.TwitterStreamImpl - Establishing connection.
2024-06-14 11:49:32 [Twitter Stream consumer /  [1][Establishing connection]] INFO  twitter4j.TwitterStreamImpl - Connect timed out
2024-06-14 11:49:32 [Twitter Stream consumer /  [1][Establishing connection]] INFO  twitter4j.TwitterStreamImpl - Waiting for 16000 milliseconds
2024-06-14 11:49:48 [Twitter Stream consumer /  [1][Waiting for 16000 milliseconds]] INFO  twitter4j.TwitterStreamImpl - Establishing connection.
2024-06-14 11:50:08 [Twitter Stream consumer /  [1][Establishing connection]] INFO  twitter4j.TwitterStreamImpl - Connect timed out
2024-06-14 11:50:08 [Twitter Stream consumer /  [1][Establishing connection]] INFO  twitter4j.TwitterStreamImpl - Waiting for 16000 milliseconds
2024-06-14 11:50:24 [Twitter Stream consumer /  [1][Waiting for 16000 milliseconds]] INFO  twitter4j.TwitterStreamImpl - Establishing connection.
2024-06-14 11:50:44 [Twitter Stream consumer /  [1][Establishing connection]] INFO  twitter4j.TwitterStreamImpl - Connect timed out
2024-06-14 11:50:44 [Twitter Stream consumer /  [1][Establishing connection]] INFO  twitter4j.TwitterStreamImpl - Waiting for 16000 milliseconds
2024-06-14 11:51:00 [Twitter Stream consumer /  [1][Waiting for 16000 milliseconds]] INFO  twitter4j.TwitterStreamImpl - Establishing connection.
2024-06-14 11:51:20 [Twitter Stream consumer /  [1][Establishing connection]] INFO  twitter4j.TwitterStreamImpl - Connect timed out
2024-06-14 11:51:20 [Twitter Stream consumer /  [1][Establishing connection]] INFO  twitter4j.TwitterStreamImpl - Waiting for 16000 milliseconds
2024-06-14 11:51:36 [Twitter Stream consumer /  [1][Waiting for 16000 milliseconds]] INFO  twitter4j.TwitterStreamImpl - Establishing connection.
2024-06-14 11:51:56 [Twitter Stream consumer /  [1][Establishing connection]] INFO  twitter4j.TwitterStreamImpl - Connect timed out
2024-06-14 11:51:56 [Twitter Stream consumer /  [1][Establishing connection]] INFO  twitter4j.TwitterStreamImpl - Waiting for 16000 milliseconds
2024-06-14 11:52:12 [Twitter Stream consumer /  [1][Waiting for 16000 milliseconds]] INFO  twitter4j.TwitterStreamImpl - Establishing connection.
2024-06-14 11:52:32 [Twitter Stream consumer /  [1][Establishing connection]] INFO  twitter4j.TwitterStreamImpl - Connect timed out
2024-06-14 11:52:32 [Twitter Stream consumer /  [1][Establishing connection]] INFO  twitter4j.TwitterStreamImpl - Waiting for 16000 milliseconds
2024-06-14 11:52:48 [Twitter Stream consumer /  [1][Waiting for 16000 milliseconds]] INFO  twitter4j.TwitterStreamImpl - Establishing connection.
2024-06-14 11:53:08 [Twitter Stream consumer /  [1][Establishing connection]] INFO  twitter4j.TwitterStreamImpl - Connect timed out
2024-06-14 11:53:08 [Twitter Stream consumer /  [1][Establishing connection]] INFO  twitter4j.TwitterStreamImpl - Waiting for 16000 milliseconds
2024-06-14 11:53:24 [Twitter Stream consumer /  [1][Waiting for 16000 milliseconds]] INFO  twitter4j.TwitterStreamImpl - Establishing connection.
2024-06-14 11:53:44 [Twitter Stream consumer /  [1][Establishing connection]] INFO  twitter4j.TwitterStreamImpl - Connect timed out
2024-06-14 11:53:44 [Twitter Stream consumer /  [1][Establishing connection]] INFO  twitter4j.TwitterStreamImpl - Waiting for 16000 milliseconds
2024-06-14 11:54:00 [Twitter Stream consumer /  [1][Waiting for 16000 milliseconds]] INFO  twitter4j.TwitterStreamImpl - Establishing connection.
2024-06-14 11:54:20 [Twitter Stream consumer /  [1][Establishing connection]] INFO  twitter4j.TwitterStreamImpl - Connect timed out
2024-06-14 11:54:20 [Twitter Stream consumer /  [1][Establishing connection]] INFO  twitter4j.TwitterStreamImpl - Waiting for 16000 milliseconds
2024-06-14 11:54:36 [Twitter Stream consumer /  [1][Waiting for 16000 milliseconds]] INFO  twitter4j.TwitterStreamImpl - Establishing connection.
2024-06-14 11:54:56 [Twitter Stream consumer /  [1][Establishing connection]] INFO  twitter4j.TwitterStreamImpl - Connect timed out
2024-06-14 11:54:56 [Twitter Stream consumer /  [1][Establishing connection]] INFO  twitter4j.TwitterStreamImpl - Waiting for 16000 milliseconds
2024-06-14 11:55:12 [Twitter Stream consumer /  [1][Waiting for 16000 milliseconds]] INFO  twitter4j.TwitterStreamImpl - Establishing connection.
2024-06-14 11:55:33 [Twitter Stream consumer /  [1][Establishing connection]] INFO  twitter4j.TwitterStreamImpl - Connect timed out
2024-06-14 11:55:33 [Twitter Stream consumer /  [1][Establishing connection]] INFO  twitter4j.TwitterStreamImpl - Waiting for 16000 milliseconds
2024-06-14 11:55:49 [Twitter Stream consumer /  [1][Waiting for 16000 milliseconds]] INFO  twitter4j.TwitterStreamImpl - Establishing connection.
2024-06-14 11:56:09 [Twitter Stream consumer /  [1][Establishing connection]] INFO  twitter4j.TwitterStreamImpl - Connect timed out
2024-06-14 11:56:09 [Twitter Stream consumer /  [1][Establishing connection]] INFO  twitter4j.TwitterStreamImpl - Waiting for 16000 milliseconds
2024-06-14 11:56:25 [Twitter Stream consumer /  [1][Waiting for 16000 milliseconds]] INFO  twitter4j.TwitterStreamImpl - Establishing connection.
2024-06-14 11:56:45 [Twitter Stream consumer /  [1][Establishing connection]] INFO  twitter4j.TwitterStreamImpl - Connect timed out
2024-06-14 11:56:45 [Twitter Stream consumer /  [1][Establishing connection]] INFO  twitter4j.TwitterStreamImpl - Waiting for 16000 milliseconds
2024-06-14 11:57:01 [Twitter Stream consumer /  [1][Waiting for 16000 milliseconds]] INFO  twitter4j.TwitterStreamImpl - Establishing connection.
2024-06-14 11:57:21 [Twitter Stream consumer /  [1][Establishing connection]] INFO  twitter4j.TwitterStreamImpl - Connect timed out
2024-06-14 11:57:21 [Twitter Stream consumer /  [1][Establishing connection]] INFO  twitter4j.TwitterStreamImpl - Waiting for 16000 milliseconds
2024-06-14 11:57:37 [Twitter Stream consumer /  [1][Waiting for 16000 milliseconds]] INFO  twitter4j.TwitterStreamImpl - Establishing connection.
